
Tue Oct 13 2015 04:06:39 GMT+0800 (HKT)

Operating System
  Name                        = Mac OS X
  Version                     = 10.10.5
  Architecture                = 64bit
  # CPUs                      = 4
  Memory                      = 8589934592

Node.js
  Node.js Version             = 0.10.37
  npm Version                 = 1.4.28

Titanium CLI
  CLI Version                 = 5.0.4

Titanium SDK
  SDK Version                 = 5.0.2.GA
  SDK Path                    = /Users/zhonghaoying/Library/Application Support/Titanium/mobilesdk/osx/5.0.2.GA
  Target Platform             = iphone

Command
  /usr/local/bin/node /Users/zhonghaoying/.appcelerator/install/5.0.2/package/node_modules/appc-cli-titanium/node_modules/titanium/bin/titanium build --platform ios --log-level trace --sdk 5.0.2.GA --project-dir /Users/zhonghaoying/Documents/Appcelerator_Studio_Workspace/MiniApp --target simulator --ios-version 9.0 --device-family iphone --sim-type iphone --sim-version 9.0 --device-id 80486414-9691-459C-BA84-0F54BD28BE24 --skip-js-minify --liveview --deploy-type development --no-colors --no-progress-bars --no-prompt --prompt-type socket-bundle --prompt-port 49591 --plugin-paths /Users/zhonghaoying/.appcelerator/install/5.0.2/package/node_modules --config-file /var/folders/m0/fcx7qy_n6w136vp7cwv659080000gn/T/build-1444680396560.json --no-banner

[TRACE]  [ioslib] Validating iOS Simulator UDID 80486414-9691-459C-BA84-0F54BD28BE24
[TRACE]  [ioslib] Found iOS Simulator UDID 80486414-9691-459C-BA84-0F54BD28BE24
[TRACE]  [ioslib] Selected iOS Simulator: iPhone 6
[TRACE]  [ioslib]   UDID    = 80486414-9691-459C-BA84-0F54BD28BE24
[TRACE]  [ioslib]   iOS     = 9.0
[TRACE]  [ioslib] Autoselected Xcode: 7.0.1
[INFO]   Symlinked files not supported with iOS 9.0 simulator, forcing files to be copied
[DEBUG]  Detecting modules in /Users/zhonghaoying/Library/Application Support/Titanium/modules
[DEBUG]  Detected android module: com.appcelerator.apm 1.1.1 @ /Users/zhonghaoying/Library/Application Support/Titanium/modules/android/com.appcelerator.apm/1.1.1
[DEBUG]  Detected android module: com.appcelerator.apm 1.1.5 @ /Users/zhonghaoying/Library/Application Support/Titanium/modules/android/com.appcelerator.apm/1.1.5
[DEBUG]  Detected android module: facebook 3.0.3 @ /Users/zhonghaoying/Library/Application Support/Titanium/modules/android/facebook/3.0.3
[DEBUG]  Detected android module: facebook 4.0.5 @ /Users/zhonghaoying/Library/Application Support/Titanium/modules/android/facebook/4.0.5
[DEBUG]  Detected android module: ti.cloudpush 3.3.7 @ /Users/zhonghaoying/Library/Application Support/Titanium/modules/android/ti.cloudpush/3.3.7
[DEBUG]  Detected android module: ti.cloudpush 3.4.0 @ /Users/zhonghaoying/Library/Application Support/Titanium/modules/android/ti.cloudpush/3.4.0
[DEBUG]  Detected android module: ti.map 2.2.3 @ /Users/zhonghaoying/Library/Application Support/Titanium/modules/android/ti.map/2.2.3
[DEBUG]  Detected android module: ti.map 2.3.3 @ /Users/zhonghaoying/Library/Application Support/Titanium/modules/android/ti.map/2.3.3
[DEBUG]  Detected commonjs module: ti.cloud 3.2.7 @ /Users/zhonghaoying/Library/Application Support/Titanium/modules/commonjs/ti.cloud/3.2.7
[DEBUG]  Detected commonjs module: ti.cloud 3.2.9 @ /Users/zhonghaoying/Library/Application Support/Titanium/modules/commonjs/ti.cloud/3.2.9
[DEBUG]  Detected iphone module: com.appcelerator.apm 1.1.1 @ /Users/zhonghaoying/Library/Application Support/Titanium/modules/iphone/com.appcelerator.apm/1.1.1
[DEBUG]  Detected iphone module: com.appcelerator.apm 1.1.5 @ /Users/zhonghaoying/Library/Application Support/Titanium/modules/iphone/com.appcelerator.apm/1.1.5
[DEBUG]  Detected iphone module: com.appcelerator.urlSession 1.1.0 @ /Users/zhonghaoying/Library/Application Support/Titanium/modules/iphone/com.appcelerator.urlSession/1.1.0
[DEBUG]  Detected iphone module: com.appcelerator.urlSession 1.1.1 @ /Users/zhonghaoying/Library/Application Support/Titanium/modules/iphone/com.appcelerator.urlSession/1.1.1
[DEBUG]  Detected iphone module: facebook 3.2.0 @ /Users/zhonghaoying/Library/Application Support/Titanium/modules/iphone/facebook/3.2.0
[DEBUG]  Detected iphone module: facebook 4.0.5 @ /Users/zhonghaoying/Library/Application Support/Titanium/modules/iphone/facebook/4.0.5
[DEBUG]  Detected iphone module: ti.coremotion 1.1.0 @ /Users/zhonghaoying/Library/Application Support/Titanium/modules/iphone/ti.coremotion/1.1.0
[DEBUG]  Detected iphone module: ti.map 2.2.0 @ /Users/zhonghaoying/Library/Application Support/Titanium/modules/iphone/ti.map/2.2.0
[DEBUG]  Detected iphone module: ti.map 2.4.1 @ /Users/zhonghaoying/Library/Application Support/Titanium/modules/iphone/ti.map/2.4.1
[DEBUG]  Detected iphone module: ti.touchid 1.1.0 @ /Users/zhonghaoying/Library/Application Support/Titanium/modules/iphone/ti.touchid/1.1.0
[DEBUG]  Detected iphone module: ti.touchid 1.2.0 @ /Users/zhonghaoying/Library/Application Support/Titanium/modules/iphone/ti.touchid/1.2.0
[DEBUG]  Looking for Titanium module id=ti.cloud version=latest platform=commonjs deploy-type=development
[INFO]   Found Titanium module id=ti.cloud version=3.2.9 platform=commonjs deploy-type=development path=/Users/zhonghaoying/Library/Application Support/Titanium/modules/commonjs/ti.cloud/3.2.9
[DEBUG]  Looking for Titanium module id=ti.map version=latest platform=iphone deploy-type=development
[INFO]   Found Titanium module id=ti.map version=2.4.1 platform=iphone deploy-type=development path=/Users/zhonghaoying/Library/Application Support/Titanium/modules/iphone/ti.map/2.4.1
[DEBUG]  Detecting plugins in /Users/zhonghaoying/Documents/Appcelerator_Studio_Workspace/MiniApp/plugins
[DEBUG]  Detected plugin: ti.alloy @ /Users/zhonghaoying/Documents/Appcelerator_Studio_Workspace/MiniApp/plugins/ti.alloy
[DEBUG]  Detecting plugins in /Users/zhonghaoying/Library/Application Support/Titanium/plugins
[DEBUG]  Detected plugin: com.appcelerator.test @ /Users/zhonghaoying/Library/Application Support/Titanium/plugins/com.appcelerator.test
[DEBUG]  Looking for Titanium plugin id=ti.alloy version=1.0
[INFO]   Found Titanium plugin id=ti.alloy version=1.0 
[TRACE]  Snapshotting build directory
[DEBUG]  Titanium SDK iOS directory: /Users/zhonghaoying/Library/Application Support/Titanium/mobilesdk/osx/5.0.2.GA/iphone
[INFO]   Deploy type: development
[INFO]   Building for target: simulator
[INFO]   Building using iOS SDK: 9.0
[INFO]   Building for iOS Simulator: iPhone 6
[DEBUG]  UDID: 80486414-9691-459C-BA84-0F54BD28BE24
[DEBUG]  Simulator type: iphone
[DEBUG]  Simulator version: 9.0
[INFO]   Building for device family: iphone
[DEBUG]  Setting Xcode target to Debug
[DEBUG]  Setting Xcode build OS to iphonesimulator
[DEBUG]  Xcode installation: /Applications/Xcode.app/Contents/Developer
[DEBUG]  iOS WWDR certificate: installed
[INFO]   Minimum iOS version: 7.1
[INFO]   Debugging disabled
[INFO]   Profiler disabled
[INFO]   Set to copy files instead of symlinking
[INFO]   Initializing the build directory
[INFO]   Found Alloy app in /Users/zhonghaoying/Documents/Appcelerator_Studio_Workspace/MiniApp/app
[INFO]   Executing Alloy compile: /usr/local/bin/node /Users/zhonghaoying/.appcelerator/install/5.0.2/package/node_modules/appc-cli-titanium/node_modules/alloy/bin/alloy compile /Users/zhonghaoying/Documents/Appcelerator_Studio_Workspace/MiniApp/app --config platform=ios,version=0,simtype=none,devicefamily=iphone,deploytype=development,target=simulator --no-colors
[DEBUG]         .__  .__                
[DEBUG]  _____  |  | |  |   ____ ___.__.
[DEBUG]  \__  \ |  | |  |  /  _ <   |  |
[DEBUG]   / __ \|  |_|  |_(  <_> )___  |
[DEBUG]  (____  /____/____/\____// ____|
[DEBUG]       \/                 \/
[DEBUG]  Alloy 1.7.10 by Appcelerator. The MVC app framework for Titanium.
[DEBUG]  ----- CONFIGURATION -----
[DEBUG]  raw config = "platform=ios,version=0,simtype=none,devicefamily=iphone,deploytype=development,target=simulator"
[DEBUG]  platform = ios
[DEBUG]  version = 0
[DEBUG]  simtype = none
[DEBUG]  devicefamily = iphone
[DEBUG]  deploytype = development
[DEBUG]  target = simulator
[DEBUG]  project path = /Users/zhonghaoying/Documents/Appcelerator_Studio_Workspace/MiniApp
[DEBUG]  app path = /Users/zhonghaoying/Documents/Appcelerator_Studio_Workspace/MiniApp/app
[DEBUG]  
[DEBUG]  ----- CONFIG.JSON -----
[DEBUG]  dependencies = {}
[INFO]   [config.json] config.json unchanged, using cached config.json...
[DEBUG]  {
[DEBUG]  "dependencies": {},
[DEBUG]  "sourcemap": true,
[DEBUG]  "autoStyle": false,
[DEBUG]  "adapters": [
[DEBUG]  "localStorage",
[DEBUG]  "properties",
[DEBUG]  "sql"
[DEBUG]  ]
[DEBUG]  }
[DEBUG]  
[DEBUG]  ----- CLEANING RESOURCES -----
[DEBUG]  Removing orphaned controllers ...
[DEBUG]  Removing orphaned models ...
[DEBUG]  Removing orphaned styles ...
[DEBUG]  Removing orphaned sync adapters...
[TRACE]  * iphone/alloy/sync/sqlrest.js
[DEBUG]  Removing orphaned assets and libs...
[DEBUG]  
[DEBUG]  ----- BASE RUNTIME FILES -----
[TRACE]  SRC_DIR=/Users/zhonghaoying/.appcelerator/install/5.0.2/package/node_modules/appc-cli-titanium/node_modules/alloy/Alloy/lib
[TRACE]  Copying SRC_DIR/alloy/sync/sql.js --> Resources/iphone/alloy/sync/sql.js
[TRACE]  Copying SRC_DIR/alloy/sync/properties.js --> Resources/iphone/alloy/sync/properties.js
[TRACE]  Copying SRC_DIR/alloy/sync/localStorage.js --> Resources/iphone/alloy/sync/localStorage.js
[TRACE]  Copying SRC_DIR/alloy/controllers/BaseController.js --> Resources/iphone/alloy/controllers/BaseController.js
[TRACE]  Copying SRC_DIR/alloy/widget.js --> Resources/iphone/alloy/widget.js
[TRACE]  Copying SRC_DIR/alloy/underscore.js --> Resources/iphone/alloy/underscore.js
[TRACE]  Copying SRC_DIR/alloy.js --> Resources/iphone/alloy.js
[TRACE]  
[TRACE]  SRC_DIR=/Users/zhonghaoying/.appcelerator/install/5.0.2/package/node_modules/appc-cli-titanium/node_modules/alloy/Alloy/common
[TRACE]  Copying SRC_DIR/constants.js --> Resources/iphone/alloy/constants.js
[TRACE]  
[TRACE]  SRC_DIR=/Users/zhonghaoying/Documents/Appcelerator_Studio_Workspace/MiniApp/app/assets
[TRACE]  Copying SRC_DIR/alloy/sync/sqlrest.js --> Resources/iphone/alloy/sync/sqlrest.js
[TRACE]  
[DEBUG]  
[INFO]   ----- MVC GENERATION -----
[INFO]   [global style] loading from cache...
[INFO]   [models/events.js] model processing...
[INFO]   [models/webNews.js] model processing...
[INFO]   [event1_Info.xml] view processing...
[INFO]   style:      "event1_Info.tss"
[INFO]   view:       "event1_Info.xml"
[INFO]   controller: "event1_Info.js"
[TRACE]  - Processing "builtins" module...
[TRACE]  - Processing "optimizer" module...
[TRACE]  - Processing "compress" module...
[INFO]   created:    "Resources/iphone/alloy/controllers/event1_Info.js"
[DEBUG]  map:        "build/map/Resources/iphone/alloy/controllers/event1_Info.js.map"
[INFO]   created:     "Resources/iphone/alloy/styles/event1_Info.js"
[INFO]   [event1_List.xml] view processing...
[INFO]   view:       "event1_List.xml"
[INFO]   controller: "event1_List.js"
[TRACE]  - Processing "builtins" module...
[TRACE]  - Processing "optimizer" module...
[TRACE]  - Processing "compress" module...
[INFO]   created:    "Resources/iphone/alloy/controllers/event1_List.js"
[DEBUG]  map:        "build/map/Resources/iphone/alloy/controllers/event1_List.js.map"
[INFO]   created:     "Resources/iphone/alloy/styles/event1_List.js"
[INFO]   [event2_List.xml] view processing...
[INFO]   style:      "event2_List.tss"
[INFO]   view:       "event2_List.xml"
[INFO]   controller: "event2_List.js"
[TRACE]  - Processing "builtins" module...
[TRACE]  - Processing "optimizer" module...
[TRACE]  - Processing "compress" module...
[INFO]   created:    "Resources/iphone/alloy/controllers/event2_List.js"
[DEBUG]  map:        "build/map/Resources/iphone/alloy/controllers/event2_List.js.map"
[INFO]   created:     "Resources/iphone/alloy/styles/event2_List.js"
[INFO]   [event_details.xml] view processing...
[INFO]   view:       "event_details.xml"
[INFO]   controller: "event_details.js"
[TRACE]  - Processing "builtins" module...
[TRACE]  - Processing "optimizer" module...
[TRACE]  - Processing "compress" module...
[INFO]   created:    "Resources/iphone/alloy/controllers/event_details.js"
[DEBUG]  map:        "build/map/Resources/iphone/alloy/controllers/event_details.js.map"
[INFO]   created:     "Resources/iphone/alloy/styles/event_details.js"
[INFO]   [index.xml] view processing...
[INFO]   style:      "index.tss"
[INFO]   view:       "index.xml"
[INFO]   controller: "index.js"
[TRACE]  - Processing "builtins" module...
[TRACE]  - Processing "optimizer" module...
[TRACE]  - Processing "compress" module...
[INFO]   created:    "Resources/iphone/alloy/controllers/index.js"
[DEBUG]  map:        "build/map/Resources/iphone/alloy/controllers/index.js.map"
[INFO]   created:     "Resources/iphone/alloy/styles/index.js"
[INFO]   [map_details.xml] view processing...
[INFO]   view:       "map_details.xml"
[INFO]   controller: "map_details.js"
[TRACE]  - Processing "builtins" module...
[TRACE]  - Processing "optimizer" module...
[TRACE]  - Processing "compress" module...
[INFO]   created:    "Resources/iphone/alloy/controllers/map_details.js"
[DEBUG]  map:        "build/map/Resources/iphone/alloy/controllers/map_details.js.map"
[INFO]   created:     "Resources/iphone/alloy/styles/map_details.js"
[INFO]   
[INFO]   
[INFO]   [app.js] using cached app.js...
[INFO]   
[INFO]   ----- OPTIMIZING -----
[INFO]   - alloy/moment.js
[TRACE]  processing "builtins" module...
[TRACE]  processing "optimizer" module...
[TRACE]  processing "compress" module...
[INFO]   - iphone/alloy.js
[TRACE]  processing "builtins" module...
[TRACE]  processing "optimizer" module...
[TRACE]  processing "compress" module...
[INFO]   - iphone/alloy/models/Events.js
[TRACE]  processing "builtins" module...
[TRACE]  processing "optimizer" module...
[TRACE]  processing "compress" module...
[INFO]   - iphone/alloy/models/WebNews.js
[TRACE]  processing "builtins" module...
[TRACE]  processing "optimizer" module...
[TRACE]  processing "compress" module...
[INFO]   - iphone/alloy/sync/localStorage.js
[TRACE]  processing "builtins" module...
[TRACE]  processing "optimizer" module...
[TRACE]  processing "compress" module...
[INFO]   - iphone/alloy/sync/properties.js
[TRACE]  processing "builtins" module...
[TRACE]  processing "optimizer" module...
[TRACE]  processing "compress" module...
[INFO]   - iphone/alloy/sync/sql.js
[TRACE]  processing "builtins" module...
[TRACE]  processing "optimizer" module...
[TRACE]  processing "compress" module...
[INFO]   - iphone/alloy/sync/sqlrest.js
[TRACE]  processing "builtins" module...
[TRACE]  processing "optimizer" module...
[TRACE]  processing "compress" module...
[TRACE]  
[TRACE]  Benchmarking
[TRACE]  ------------
[TRACE]  [2.3006s] TOTAL
[INFO]   
[INFO]   Alloy compiled in 2.3006s
[INFO]   Alloy compiler completed successfully
[TRACE]  offline build file /var/folders/m0/fcx7qy_n6w136vp7cwv659080000gn/T/build-a566422a5ca06bee6f6e8a27aecee2d6bd5b2606.json
[TRACE]  online 1
[TRACE]  optimizing build, last build was 1511.895 sec ago
[INFO]   Creating Xcode project
[TRACE]  Removing pre-compile phase
[TRACE]  Adding 1 native module library
[TRACE]  No extensions to add
[TRACE]  No change, skipping /Users/zhonghaoying/Documents/Appcelerator_Studio_Workspace/MiniApp/build/iphone/MiniApp.xcodeproj/project.pbxproj
[INFO]   Creating Entitlements.plist
[TRACE]  No change, skipping /Users/zhonghaoying/Documents/Appcelerator_Studio_Workspace/MiniApp/build/iphone/MiniApp.entitlements
[INFO]   Creating Info.plist
[INFO]   Disabling ATS
[TRACE]  No change, skipping /Users/zhonghaoying/Documents/Appcelerator_Studio_Workspace/MiniApp/build/iphone/Info.plist
[INFO]   Creating main.m
[TRACE]  No change, skipping /Users/zhonghaoying/Documents/Appcelerator_Studio_Workspace/MiniApp/build/iphone/main.m
[INFO]   Creating Xcode config files
[TRACE]  No change, skipping /Users/zhonghaoying/Documents/Appcelerator_Studio_Workspace/MiniApp/build/iphone/project.xcconfig
[TRACE]  No change, skipping /Users/zhonghaoying/Documents/Appcelerator_Studio_Workspace/MiniApp/build/iphone/module.xcconfig
[INFO]   Copying Titanium libraries
[TRACE]  No change, skipping /Users/zhonghaoying/Documents/Appcelerator_Studio_Workspace/MiniApp/build/iphone/lib/libTiCore.a
[TRACE]  No change, skipping /Users/zhonghaoying/Documents/Appcelerator_Studio_Workspace/MiniApp/build/iphone/lib/libtiverify.a
[TRACE]  No change, skipping /Users/zhonghaoying/Documents/Appcelerator_Studio_Workspace/MiniApp/build/iphone/lib/libti_ios_debugger.a
[TRACE]  No change, skipping /Users/zhonghaoying/Documents/Appcelerator_Studio_Workspace/MiniApp/build/iphone/lib/libti_ios_profiler.a
[INFO]   Copying Titanium iOS files
[TRACE]  Skipping Classes/ApplicationRouting.m, it'll be processed later
[TRACE]  No change, skipping /Users/zhonghaoying/Documents/Appcelerator_Studio_Workspace/MiniApp/build/iphone/MiniApp_Prefix.pch
[TRACE]  No change, skipping /Users/zhonghaoying/Documents/Appcelerator_Studio_Workspace/MiniApp/build/iphone/MiniApp.xcodeproj/xcshareddata/xcschemes/MiniApp.xcscheme
[INFO]   Creating debugger and profiler plists
[DEBUG]  Skipping /Users/zhonghaoying/Documents/Appcelerator_Studio_Workspace/MiniApp/build/iphone/build/Products/Debug-iphonesimulator/MiniApp.app/debugger.plist
[DEBUG]  Skipping /Users/zhonghaoying/Documents/Appcelerator_Studio_Workspace/MiniApp/build/iphone/build/Products/Debug-iphonesimulator/MiniApp.app/profiler.plist
[INFO]   Analyzing Resources directory
[INFO]   Analyzing platform files
[INFO]   Analyzing module files
[INFO]   Analyzing localized launch images
[INFO]   Analyzing CommonJS modules
[INFO]   Creating asset catalog
[TRACE]  No change, skipping /Users/zhonghaoying/Documents/Appcelerator_Studio_Workspace/MiniApp/build/iphone/Assets.xcassets/Contents.json
[INFO]   Creating app icon set
[DEBUG]  Unsupported app icon Resources/iphone/appicon-60.png, skipping
[DEBUG]  Found valid app icon Resources/iphone/appicon-60@2x.png (120x120)
[DEBUG]  Found valid app icon Resources/iphone/appicon-60@3x.png (180x180)
[DEBUG]  Unsupported app icon Resources/iphone/appicon-72.png, skipping
[DEBUG]  Unsupported app icon Resources/iphone/appicon-72@2x.png, skipping
[DEBUG]  Unsupported app icon Resources/iphone/appicon-76.png, skipping
[DEBUG]  Unsupported app icon Resources/iphone/appicon-76@2x.png, skipping
[DEBUG]  Unsupported app icon Resources/iphone/appicon-Small-40.png, skipping
[DEBUG]  Found valid app icon Resources/iphone/appicon-Small-40@2x.png (80x80)
[DEBUG]  Unsupported app icon Resources/iphone/appicon-Small-50.png, skipping
[DEBUG]  Unsupported app icon Resources/iphone/appicon-Small-50@2x.png, skipping
[DEBUG]  Unsupported app icon Resources/iphone/appicon-Small.png, skipping
[DEBUG]  Found valid app icon Resources/iphone/appicon-Small@2x.png (58x58)
[DEBUG]  Unsupported app icon Resources/iphone/appicon@2x.png, skipping
[TRACE]  Found generated 87x87 app icon: /Users/zhonghaoying/Documents/Appcelerator_Studio_Workspace/MiniApp/build/iphone/Assets.xcassets/AppIcon.appiconset/appicon-Small@3x.png
[TRACE]  Found generated 120x120 app icon: /Users/zhonghaoying/Documents/Appcelerator_Studio_Workspace/MiniApp/build/iphone/Assets.xcassets/AppIcon.appiconset/appicon-Small-40@3x.png
[TRACE]  No change, skipping /Users/zhonghaoying/Documents/Appcelerator_Studio_Workspace/MiniApp/build/iphone/Assets.xcassets/AppIcon.appiconset/Contents.json
[INFO]   Creating launch image set
[DEBUG]  Skipping iPad launch image: Resources/iphone/Default-Landscape.png
[DEBUG]  Skipping iPad launch image: Resources/iphone/Default-Landscape@2x.png
[DEBUG]  Skipping iPad launch image: Resources/iphone/Default-Portrait.png
[DEBUG]  Skipping iPad launch image: Resources/iphone/Default-Portrait@2x.png
[DEBUG]  Unsupported launch image Resources/iphone/Default.png, skipping
[TRACE]  No change, skipping /Users/zhonghaoying/Documents/Appcelerator_Studio_Workspace/MiniApp/build/iphone/Assets.xcassets/LaunchImage.launchimage/Contents.json
[DEBUG]  Copying resources
[TRACE]  No change, skipping /Users/zhonghaoying/Documents/Appcelerator_Studio_Workspace/MiniApp/build/iphone/build/Products/Debug-iphonesimulator/MiniApp.app/KS_nav_ui.png
[TRACE]  No change, skipping /Users/zhonghaoying/Documents/Appcelerator_Studio_Workspace/MiniApp/build/iphone/build/Products/Debug-iphonesimulator/MiniApp.app/KS_nav_views.png
[TRACE]  No change, skipping /Users/zhonghaoying/Documents/Appcelerator_Studio_Workspace/MiniApp/build/iphone/build/Products/Debug-iphonesimulator/MiniApp.app/Venue.sqlite
[TRACE]  No change, skipping /Users/zhonghaoying/Documents/Appcelerator_Studio_Workspace/MiniApp/build/iphone/build/Products/Debug-iphonesimulator/MiniApp.app/iTunesArtwork
[TRACE]  No change, skipping /Users/zhonghaoying/Documents/Appcelerator_Studio_Workspace/MiniApp/build/iphone/build/Products/Debug-iphonesimulator/MiniApp.app/iTunesArtwork@2x
[TRACE]  No change, skipping /Users/zhonghaoying/Documents/Appcelerator_Studio_Workspace/MiniApp/build/iphone/Assets.xcassets/AppIcon.appiconset/appicon-60@2x.png
[TRACE]  No change, skipping /Users/zhonghaoying/Documents/Appcelerator_Studio_Workspace/MiniApp/build/iphone/Assets.xcassets/AppIcon.appiconset/appicon-60@3x.png
[TRACE]  No change, skipping /Users/zhonghaoying/Documents/Appcelerator_Studio_Workspace/MiniApp/build/iphone/Assets.xcassets/AppIcon.appiconset/appicon-Small-40@2x.png
[TRACE]  No change, skipping /Users/zhonghaoying/Documents/Appcelerator_Studio_Workspace/MiniApp/build/iphone/Assets.xcassets/AppIcon.appiconset/appicon-Small@2x.png
[TRACE]  No change, skipping /Users/zhonghaoying/Documents/Appcelerator_Studio_Workspace/MiniApp/build/iphone/Assets.xcassets/LaunchImage.launchimage/Default-568h@2x.png
[TRACE]  No change, skipping /Users/zhonghaoying/Documents/Appcelerator_Studio_Workspace/MiniApp/build/iphone/Assets.xcassets/LaunchImage.launchimage/Default-667h@2x.png
[TRACE]  No change, skipping /Users/zhonghaoying/Documents/Appcelerator_Studio_Workspace/MiniApp/build/iphone/Assets.xcassets/LaunchImage.launchimage/Default-Landscape-736h@3x.png
[TRACE]  No change, skipping /Users/zhonghaoying/Documents/Appcelerator_Studio_Workspace/MiniApp/build/iphone/Assets.xcassets/LaunchImage.launchimage/Default-Portrait-736h@3x.png
[TRACE]  No change, skipping /Users/zhonghaoying/Documents/Appcelerator_Studio_Workspace/MiniApp/build/iphone/Assets.xcassets/LaunchImage.launchimage/Default@2x.png
[DEBUG]  Copying CSS files
[INFO]   Processing JavaScript files
[DEBUG]  Overwriting /Users/zhonghaoying/Documents/Appcelerator_Studio_Workspace/MiniApp/Resources/iphone/alloy/CFG.js => /Users/zhonghaoying/Documents/Appcelerator_Studio_Workspace/MiniApp/build/iphone/build/Products/Debug-iphonesimulator/MiniApp.app/alloy/CFG.js
[DEBUG]  Overwriting /Users/zhonghaoying/Documents/Appcelerator_Studio_Workspace/MiniApp/Resources/alloy/moment.js => /Users/zhonghaoying/Documents/Appcelerator_Studio_Workspace/MiniApp/build/iphone/build/Products/Debug-iphonesimulator/MiniApp.app/alloy/moment.js
[DEBUG]  Overwriting /var/folders/m0/fcx7qy_n6w136vp7cwv659080000gn/T/liveview.js => /Users/zhonghaoying/Documents/Appcelerator_Studio_Workspace/MiniApp/build/iphone/build/Products/Debug-iphonesimulator/MiniApp.app/app.js
[DEBUG]  Overwriting /Users/zhonghaoying/Documents/Appcelerator_Studio_Workspace/MiniApp/Resources/iphone/alloy/backbone.js => /Users/zhonghaoying/Documents/Appcelerator_Studio_Workspace/MiniApp/build/iphone/build/Products/Debug-iphonesimulator/MiniApp.app/alloy/backbone.js
[DEBUG]  Overwriting /Users/zhonghaoying/Documents/Appcelerator_Studio_Workspace/MiniApp/Resources/iphone/alloy/constants.js => /Users/zhonghaoying/Documents/Appcelerator_Studio_Workspace/MiniApp/build/iphone/build/Products/Debug-iphonesimulator/MiniApp.app/alloy/constants.js
[DEBUG]  Overwriting /Users/zhonghaoying/Documents/Appcelerator_Studio_Workspace/MiniApp/Resources/iphone/alloy/controllers/BaseController.js => /Users/zhonghaoying/Documents/Appcelerator_Studio_Workspace/MiniApp/build/iphone/build/Products/Debug-iphonesimulator/MiniApp.app/alloy/controllers/BaseController.js
[DEBUG]  Overwriting /Users/zhonghaoying/Documents/Appcelerator_Studio_Workspace/MiniApp/Resources/iphone/alloy/controllers/event1_Info.js => /Users/zhonghaoying/Documents/Appcelerator_Studio_Workspace/MiniApp/build/iphone/build/Products/Debug-iphonesimulator/MiniApp.app/alloy/controllers/event1_Info.js
[DEBUG]  Overwriting /Users/zhonghaoying/Documents/Appcelerator_Studio_Workspace/MiniApp/Resources/iphone/alloy/controllers/event1_List.js => /Users/zhonghaoying/Documents/Appcelerator_Studio_Workspace/MiniApp/build/iphone/build/Products/Debug-iphonesimulator/MiniApp.app/alloy/controllers/event1_List.js
[DEBUG]  Overwriting /Users/zhonghaoying/Documents/Appcelerator_Studio_Workspace/MiniApp/Resources/iphone/alloy/controllers/event2_List.js => /Users/zhonghaoying/Documents/Appcelerator_Studio_Workspace/MiniApp/build/iphone/build/Products/Debug-iphonesimulator/MiniApp.app/alloy/controllers/event2_List.js
[DEBUG]  Overwriting /Users/zhonghaoying/Documents/Appcelerator_Studio_Workspace/MiniApp/Resources/iphone/alloy/controllers/event_details.js => /Users/zhonghaoying/Documents/Appcelerator_Studio_Workspace/MiniApp/build/iphone/build/Products/Debug-iphonesimulator/MiniApp.app/alloy/controllers/event_details.js
[DEBUG]  Overwriting /Users/zhonghaoying/Documents/Appcelerator_Studio_Workspace/MiniApp/Resources/iphone/alloy/controllers/index.js => /Users/zhonghaoying/Documents/Appcelerator_Studio_Workspace/MiniApp/build/iphone/build/Products/Debug-iphonesimulator/MiniApp.app/alloy/controllers/index.js
[DEBUG]  Overwriting /Users/zhonghaoying/Documents/Appcelerator_Studio_Workspace/MiniApp/Resources/iphone/alloy/controllers/map_details.js => /Users/zhonghaoying/Documents/Appcelerator_Studio_Workspace/MiniApp/build/iphone/build/Products/Debug-iphonesimulator/MiniApp.app/alloy/controllers/map_details.js
[DEBUG]  Overwriting /Users/zhonghaoying/Documents/Appcelerator_Studio_Workspace/MiniApp/Resources/iphone/alloy/models/Events.js => /Users/zhonghaoying/Documents/Appcelerator_Studio_Workspace/MiniApp/build/iphone/build/Products/Debug-iphonesimulator/MiniApp.app/alloy/models/Events.js
[DEBUG]  Overwriting /Users/zhonghaoying/Documents/Appcelerator_Studio_Workspace/MiniApp/Resources/iphone/alloy/models/WebNews.js => /Users/zhonghaoying/Documents/Appcelerator_Studio_Workspace/MiniApp/build/iphone/build/Products/Debug-iphonesimulator/MiniApp.app/alloy/models/WebNews.js
[DEBUG]  Overwriting /Users/zhonghaoying/Documents/Appcelerator_Studio_Workspace/MiniApp/Resources/iphone/alloy/styles/event1_Info.js => /Users/zhonghaoying/Documents/Appcelerator_Studio_Workspace/MiniApp/build/iphone/build/Products/Debug-iphonesimulator/MiniApp.app/alloy/styles/event1_Info.js
[DEBUG]  Overwriting /Users/zhonghaoying/Documents/Appcelerator_Studio_Workspace/MiniApp/Resources/iphone/alloy/styles/event1_List.js => /Users/zhonghaoying/Documents/Appcelerator_Studio_Workspace/MiniApp/build/iphone/build/Products/Debug-iphonesimulator/MiniApp.app/alloy/styles/event1_List.js
[DEBUG]  Overwriting /Users/zhonghaoying/Documents/Appcelerator_Studio_Workspace/MiniApp/Resources/iphone/alloy/styles/event2_List.js => /Users/zhonghaoying/Documents/Appcelerator_Studio_Workspace/MiniApp/build/iphone/build/Products/Debug-iphonesimulator/MiniApp.app/alloy/styles/event2_List.js
[DEBUG]  Overwriting /Users/zhonghaoying/Documents/Appcelerator_Studio_Workspace/MiniApp/Resources/iphone/alloy/styles/event_details.js => /Users/zhonghaoying/Documents/Appcelerator_Studio_Workspace/MiniApp/build/iphone/build/Products/Debug-iphonesimulator/MiniApp.app/alloy/styles/event_details.js
[DEBUG]  Overwriting /Users/zhonghaoying/Documents/Appcelerator_Studio_Workspace/MiniApp/Resources/iphone/alloy/styles/index.js => /Users/zhonghaoying/Documents/Appcelerator_Studio_Workspace/MiniApp/build/iphone/build/Products/Debug-iphonesimulator/MiniApp.app/alloy/styles/index.js
[DEBUG]  Overwriting /Users/zhonghaoying/Documents/Appcelerator_Studio_Workspace/MiniApp/Resources/iphone/alloy/styles/map_details.js => /Users/zhonghaoying/Documents/Appcelerator_Studio_Workspace/MiniApp/build/iphone/build/Products/Debug-iphonesimulator/MiniApp.app/alloy/styles/map_details.js
[DEBUG]  Overwriting /Users/zhonghaoying/Documents/Appcelerator_Studio_Workspace/MiniApp/Resources/iphone/alloy/sync/localStorage.js => /Users/zhonghaoying/Documents/Appcelerator_Studio_Workspace/MiniApp/build/iphone/build/Products/Debug-iphonesimulator/MiniApp.app/alloy/sync/localStorage.js
[DEBUG]  Overwriting /Users/zhonghaoying/Documents/Appcelerator_Studio_Workspace/MiniApp/Resources/iphone/alloy/sync/properties.js => /Users/zhonghaoying/Documents/Appcelerator_Studio_Workspace/MiniApp/build/iphone/build/Products/Debug-iphonesimulator/MiniApp.app/alloy/sync/properties.js
[DEBUG]  Overwriting /Users/zhonghaoying/Documents/Appcelerator_Studio_Workspace/MiniApp/Resources/iphone/alloy/sync/sql.js => /Users/zhonghaoying/Documents/Appcelerator_Studio_Workspace/MiniApp/build/iphone/build/Products/Debug-iphonesimulator/MiniApp.app/alloy/sync/sql.js
[DEBUG]  Overwriting /Users/zhonghaoying/Documents/Appcelerator_Studio_Workspace/MiniApp/Resources/iphone/alloy/sync/sqlrest.js => /Users/zhonghaoying/Documents/Appcelerator_Studio_Workspace/MiniApp/build/iphone/build/Products/Debug-iphonesimulator/MiniApp.app/alloy/sync/sqlrest.js
[DEBUG]  Overwriting /Users/zhonghaoying/Documents/Appcelerator_Studio_Workspace/MiniApp/Resources/iphone/alloy/underscore.js => /Users/zhonghaoying/Documents/Appcelerator_Studio_Workspace/MiniApp/build/iphone/build/Products/Debug-iphonesimulator/MiniApp.app/alloy/underscore.js
[DEBUG]  Overwriting /Users/zhonghaoying/Documents/Appcelerator_Studio_Workspace/MiniApp/Resources/iphone/alloy/widget.js => /Users/zhonghaoying/Documents/Appcelerator_Studio_Workspace/MiniApp/build/iphone/build/Products/Debug-iphonesimulator/MiniApp.app/alloy/widget.js
[DEBUG]  Overwriting /Users/zhonghaoying/Documents/Appcelerator_Studio_Workspace/MiniApp/Resources/iphone/alloy.js => /Users/zhonghaoying/Documents/Appcelerator_Studio_Workspace/MiniApp/build/iphone/build/Products/Debug-iphonesimulator/MiniApp.app/alloy.js
[DEBUG]  Overwriting /Users/zhonghaoying/Library/Application Support/Titanium/modules/commonjs/ti.cloud/3.2.9/ti.cloud.js => /Users/zhonghaoying/Documents/Appcelerator_Studio_Workspace/MiniApp/build/iphone/build/Products/Debug-iphonesimulator/MiniApp.app/ti.cloud.js
[INFO]   Writing app properties
[TRACE]  No change, skipping /Users/zhonghaoying/Documents/Appcelerator_Studio_Workspace/MiniApp/build/iphone/build/Products/Debug-iphonesimulator/MiniApp.app/_app_props_.json
[DEBUG]  Using default application routing
[TRACE]  No change, skipping /Users/zhonghaoying/Documents/Appcelerator_Studio_Workspace/MiniApp/build/iphone/Classes/ApplicationRouting.m
[INFO]   Writing i18n files
[DEBUG]  No i18n files to process
[INFO]   Processing Titanium symbols
[DEBUG]  Processing Titanium namespace resources
[TRACE]  No change, skipping /Users/zhonghaoying/Documents/Appcelerator_Studio_Workspace/MiniApp/build/iphone/build/Products/Debug-iphonesimulator/MiniApp.app/modules/ui/images/badge.png
[TRACE]  No change, skipping /Users/zhonghaoying/Documents/Appcelerator_Studio_Workspace/MiniApp/build/iphone/build/Products/Debug-iphonesimulator/MiniApp.app/modules/ui/images/closeButton.png
[TRACE]  No change, skipping /Users/zhonghaoying/Documents/Appcelerator_Studio_Workspace/MiniApp/build/iphone/build/Products/Debug-iphonesimulator/MiniApp.app/modules/ui/images/photoDefault.png
[TRACE]  No change, skipping /Users/zhonghaoying/Documents/Appcelerator_Studio_Workspace/MiniApp/build/iphone/Classes/defines.h
[INFO]   Removing files
[DEBUG]  Removing /Users/zhonghaoying/Documents/Appcelerator_Studio_Workspace/MiniApp/build/iphone/Logs/Build/6390A2DD-F265-4B20-9613-6EE601160908.xcactivitylog
[DEBUG]  Removing /Users/zhonghaoying/Documents/Appcelerator_Studio_Workspace/MiniApp/build/iphone/Logs/Build/Cache.db
[DEBUG]  Removing empty directories
[INFO]   Skipping xcodebuild
[INFO]   Finished building the application in 4s 426ms
[INFO]   Launching iOS Simulator
[TRACE]  [ioslib] Selected iOS Simulator: iPhone 6
[TRACE]  [ioslib]   UDID    = 80486414-9691-459C-BA84-0F54BD28BE24
[TRACE]  [ioslib]   iOS     = 9.0
[TRACE]  [ioslib] Autoselected Xcode: 7.0.1
[TRACE]  [ioslib] Removing old log file: /Users/zhonghaoying/Library/Developer/CoreSimulator/Devices/80486414-9691-459C-BA84-0F54BD28BE24/data/Containers/Data/Application/49338296-075D-43EF-A3AB-8A6C6A2BDB9E/Documents/96b4dc9b-6e13-4997-9888-1c3830877d6d.log
[TRACE]  [ioslib] iPhone 6 Simulator already running with the correct udid
[TRACE]  [ioslib] Tailing iPhone 6 Simulator system log: /Users/zhonghaoying/Library/Logs/CoreSimulator/80486414-9691-459C-BA84-0F54BD28BE24/system.log
[TRACE]  [ioslib] Running: osascript "/Users/zhonghaoying/Library/Application Support/Titanium/mobilesdk/osx/5.0.2.GA/node_modules/ioslib/lib/sim_focus.scpt" "Simulator"
[TRACE]  [ioslib] iPhone 6 Simulator successfully focused
[TRACE]  [ioslib] Running: /Applications/Xcode.app/Contents/Developer/usr/bin/simctl install 80486414-9691-459C-BA84-0F54BD28BE24 /Users/zhonghaoying/Documents/Appcelerator_Studio_Workspace/MiniApp/build/iphone/build/Products/Debug-iphonesimulator/MiniApp.app
[TRACE]  [ioslib] App installed
[TRACE]  [ioslib] Running: /Applications/Xcode.app/Contents/Developer/usr/bin/simctl launch 80486414-9691-459C-BA84-0F54BD28BE24 hk.edu.hkbu.comp.mini2015
[TRACE]  [ioslib] App launched
[TRACE]  [ioslib] Found application log file: /Users/zhonghaoying/Library/Developer/CoreSimulator/Devices/80486414-9691-459C-BA84-0F54BD28BE24/data/Containers/Data/Application/BD071945-8348-4140-998F-72023DD2C047/Documents/96b4dc9b-6e13-4997-9888-1c3830877d6d.log